<?xml version="1.0" encoding="UTF-8"?>
<!-- Generated by org.testng.reporters.JUnitReportReporter -->
<testsuite hostname="Admins-MacBook-Pro.local" failures="0" tests="2" name="com.herokuapp.theinternet.NegativeTests" time="11.053" errors="0" timestamp="2020-11-18T14:34:23 PST" skipped="0">
  <testcase classname="com.herokuapp.theinternet.NegativeTests" name="incorrectPasswordTest" time="3.782"/>
  <system-out/>
  <testcase classname="com.herokuapp.theinternet.NegativeTests" name="incorrectUsernameTest" time="7.271"/>
  <system-out/>
</testsuite> <!-- com.herokuapp.theinternet.NegativeTests -->
