<?xml version="1.0" encoding="UTF-8"?>
<!-- Generated by org.testng.reporters.JUnitReportReporter -->
<testsuite hostname="Admins-MacBook-Pro.local" failures="0" tests="1" name="com.herokuapp.theinternet.PositiveTests" time="13.545" errors="0" timestamp="2020-11-18T14:34:23 PST" skipped="0">
  <testcase classname="com.herokuapp.theinternet.PositiveTests" name="loginTest" time="13.545"/>
  <system-out/>
</testsuite> <!-- com.herokuapp.theinternet.PositiveTests -->
