<?xml version="1.0" encoding="UTF-8"?>
<!-- Generated by org.testng.reporters.JUnitReportReporter -->
<testsuite skipped="0" hostname="Admins-MacBook-Pro.local" name="com.herokuapp.theinternet.LoginTests" tests="3" failures="0" timestamp="2020-11-19T22:26:41 PST" time="17.749" errors="0">
  <testcase name="positiveLoginTest" time="5.432" classname="com.herokuapp.theinternet.LoginTests"/>
  <system-out/>
  <testcase name="negativeLoginTest" time="4.108" classname="com.herokuapp.theinternet.LoginTests"/>
  <system-out/>
  <testcase name="negativeLoginTest" time="8.209" classname="com.herokuapp.theinternet.LoginTests"/>
  <system-out/>
</testsuite> <!-- com.herokuapp.theinternet.LoginTests -->
