<?xml version="1.0" encoding="UTF-8"?>
<!-- Generated by org.testng.reporters.JUnitReportReporter -->
<testsuite skipped="0" hostname="Admins-MacBook-Pro.local" name="com.herokuapp.theinternet.ExeptionsTests" tests="1" failures="0" timestamp="2020-11-20T16:55:45 PST" time="11.919" errors="0">
  <testcase name="timeoutTest" time="11.919" classname="com.herokuapp.theinternet.ExeptionsTests"/>
  <system-out/>
</testsuite> <!-- com.herokuapp.theinternet.ExeptionsTests -->
