<?xml version="1.0" encoding="UTF-8"?>
<!-- Generated by org.testng.reporters.JUnitReportReporter -->
<testsuite skipped="0" hostname="Admins-MacBook-Pro.local" name="com.herokuapp.theinternet.LoginTests" tests="1" failures="0" timestamp="2020-11-20T13:45:03 PST" time="4.598" errors="0">
  <testcase name="positiveLoginTest" time="4.598" classname="com.herokuapp.theinternet.LoginTests"/>
  <system-out/>
</testsuite> <!-- com.herokuapp.theinternet.LoginTests -->
