<?xml version="1.0" encoding="UTF-8"?>
<!-- Generated by org.testng.reporters.JUnitReportReporter -->
<testsuite skipped="0" hostname="Admins-MacBook-Pro.local" name="com.herokuapp.theinternet.NegativeTests" tests="2" failures="0" timestamp="2020-11-19T11:52:47 PST" time="14.168" errors="0">
  <testcase name="negativeLoginTest" time="6.215" classname="com.herokuapp.theinternet.NegativeTests"/>
  <system-out/>
  <testcase name="negativeLoginTest" time="7.953" classname="com.herokuapp.theinternet.NegativeTests"/>
  <system-out/>
</testsuite> <!-- com.herokuapp.theinternet.NegativeTests -->
