<?xml version="1.0" encoding="UTF-8"?>
<!-- Generated by org.testng.reporters.JUnitReportReporter -->
<testsuite skipped="0" hostname="Admins-MacBook-Pro.local" name="com.herokuapp.theinternet.LoginTests" tests="3" failures="0" timestamp="2020-11-19T13:47:48 PST" time="15.446" errors="0">
  <testcase name="positiveLoginTest" time="8.000" classname="com.herokuapp.theinternet.LoginTests"/>
  <system-out/>
  <testcase name="negativeLoginTest" time="3.486" classname="com.herokuapp.theinternet.LoginTests"/>
  <system-out/>
  <testcase name="negativeLoginTest" time="3.960" classname="com.herokuapp.theinternet.LoginTests"/>
  <system-out/>
</testsuite> <!-- com.herokuapp.theinternet.LoginTests -->
