<?xml version="1.0" encoding="UTF-8"?>
<!-- Generated by org.testng.reporters.JUnitReportReporter -->
<testsuite skipped="0" hostname="Admins-MacBook-Pro.local" name="com.herokuapp.theinternet.NegativeTests" tests="1" failures="0" timestamp="2020-11-19T09:17:55 PST" time="6.936" errors="0">
  <testcase name="incorrectUsernameTest" time="6.936" classname="com.herokuapp.theinternet.NegativeTests"/>
  <system-out/>
</testsuite> <!-- com.herokuapp.theinternet.NegativeTests -->
