<?xml version="1.0" encoding="UTF-8"?>
<!-- Generated by org.testng.reporters.JUnitReportReporter -->
<testsuite skipped="0" hostname="Admins-MacBook-Pro.local" name="com.herokuapp.theinternet.NegativeTests" tests="2" failures="0" timestamp="2020-11-19T10:46:48 PST" time="14.478" errors="0">
  <testcase name="negativeLoginTest" time="8.384" classname="com.herokuapp.theinternet.NegativeTests"/>
  <system-out/>
  <testcase name="negativeLoginTest" time="6.094" classname="com.herokuapp.theinternet.NegativeTests"/>
  <system-out/>
</testsuite> <!-- com.herokuapp.theinternet.NegativeTests -->
